<?xml version="1.0" encoding="UTF-8"?>
<!-- Generated by org.testng.reporters.JUnitReportReporter -->
<testsuite hostname="GLOCAL-HO-108" failures="0" tests="2" name="com.hrms.test.LoginRegressionSuite" time="25.319" errors="0" timestamp="2023-10-10T16:55:35 IST" skipped="0">
  <testcase classname="com.hrms.test.LoginRegressionSuite" name="verifyValidLogin" time="14.284"/>
  <testcase classname="com.hrms.test.LoginRegressionSuite" name="verifyInvalidLogin" time="11.035"/>
</testsuite> <!-- com.hrms.test.LoginRegressionSuite -->
